<?xml version="1.0" encoding="UTF-8"?>
<!-- Generated by org.testng.reporters.JUnitXMLReporter -->
<testsuite ignored="0" hostname="DESKTOP-KBKM518" failures="0" tests="3" name="Test" time="62.946" errors="0" timestamp="2022-11-25T14:37:42 IST">
  <testcase classname="Testcasses.verifyproductprice" name="price" time="15.834"/>
  <testcase classname="Testcasses.Verify_brokenlink" name="brokenlinks" time="11.141"/>
  <testcase classname="Testcasses.verifylogin" name="login" time="18.301"/>
</testsuite> <!-- Test -->
